<?xml version="1.0" encoding="UTF-8"?>
<!-- Generated by org.testng.reporters.JUnitReportReporter -->
<testsuite hostname="INNO-5CG6164TTR" name="com.cucumber.test.DemoQAChrome" tests="8" failures="0" timestamp="17 Jul 2018 16:36:31 GMT" time="70.192" errors="0">
  <testcase name="click_on_Checkout_and_confirm_you_have_Magic_Mouse_in_your_Check_Out_Page" time="11.537" classname="com.cucumber.test.DemoQAChrome"/>
  <testcase name="chrome_only_validation" time="4.403" classname="com.cucumber.test.DemoQAChrome"/>
  <testcase name="after_confirming_click_on_Continue" time="0.192" classname="com.cucumber.test.DemoQAChrome"/>
  <testcase name="go_to_Product_category_and_select_Accessories" time="10.562" classname="com.cucumber.test.DemoQAChrome"/>
  <testcase name="enter_test_data_needed_for_email_billing_or_contact_details_and_click_Purchase" time="28.917" classname="com.cucumber.test.DemoQAChrome"/>
  <testcase name="go_to_http_store_demoqa_com" time="13.527" classname="com.cucumber.test.DemoQAChrome"/>
  <testcase name="confirm_that_you_have_placed_the_Order_in_Transaction_Results_page" time="0.708" classname="com.cucumber.test.DemoQAChrome"/>
  <testcase name="click_on_Add_to_Cart_for_just_Magic_Mouse" time="0.346" classname="com.cucumber.test.DemoQAChrome"/>
</testsuite> <!-- com.cucumber.test.DemoQAChrome -->
