<?xml version="1.0" encoding="UTF-8"?>
<!-- Generated by org.testng.reporters.JUnitReportReporter -->
<testsuite hostname="INNO-5CG6164TTR" name="com.cucumber.test.DemoQAFireFox" tests="8" failures="0" timestamp="17 Jul 2018 16:36:31 GMT" time="50.101" errors="0">
  <testcase name="confirm_that_you_have_placed_the_Order_in_Transaction_Result_page" time="2.454" classname="com.cucumber.test.DemoQAFireFox"/>
  <testcase name="click_on_Checkout_link_and_confirm_you_have_Magic_Mouse_in_your_Check_Out_Page" time="6.366" classname="com.cucumber.test.DemoQAFireFox"/>
  <testcase name="firefox_browser_only_validation" time="12.150" classname="com.cucumber.test.DemoQAFireFox"/>
  <testcase name="navigate_to_http_store_demoqa_com" time="5.744" classname="com.cucumber.test.DemoQAFireFox"/>
  <testcase name="click_on_Add_to_Cart_button_for_just_Magic_Mouse" time="2.596" classname="com.cucumber.test.DemoQAFireFox"/>
  <testcase name="navigate_to_Product_category_and_select_Accessories" time="10.489" classname="com.cucumber.test.DemoQAFireFox"/>
  <testcase name="enter_dummy_data_needed_for_email_billing_or_contact_details_and_click_Purchase" time="6.681" classname="com.cucumber.test.DemoQAFireFox"/>
  <testcase name="after_confirming_click_on_Continue_button" time="3.621" classname="com.cucumber.test.DemoQAFireFox"/>
</testsuite> <!-- com.cucumber.test.DemoQAFireFox -->
