<?xml version="1.0" encoding="UTF-8"?>
<!-- Generated by org.testng.reporters.JUnitReportReporter -->
<testsuite hostname="INNO-5CG6164TTR" name="com.cucumber.test.DemoQAFireFox" tests="8" failures="0" timestamp="17 Jul 2018 15:09:58 GMT" time="41.822" errors="0">
  <testcase name="navigate_to_Product_category_and_select_Accessories" time="8.014" classname="com.cucumber.test.DemoQAFireFox"/>
  <testcase name="click_on_Checkout_link_and_confirm_you_have_Magic_Mouse_in_your_Check_Out_Page" time="7.000" classname="com.cucumber.test.DemoQAFireFox"/>
  <testcase name="confirm_that_you_have_placed_the_Order_in_Transaction_Result_page" time="1.995" classname="com.cucumber.test.DemoQAFireFox"/>
  <testcase name="click_on_Add_to_Cart_button_for_just_Magic_Mouse" time="2.552" classname="com.cucumber.test.DemoQAFireFox"/>
  <testcase name="navigate_to_http_store_demoqa_com" time="3.712" classname="com.cucumber.test.DemoQAFireFox"/>
  <testcase name="enter_dummy_data_needed_for_email_billing_or_contact_details_and_click_Purchase" time="6.472" classname="com.cucumber.test.DemoQAFireFox"/>
  <testcase name="firefox_browser_only_validation" time="11.324" classname="com.cucumber.test.DemoQAFireFox"/>
  <testcase name="after_confirming_click_on_Continue_button" time="0.753" classname="com.cucumber.test.DemoQAFireFox"/>
</testsuite> <!-- com.cucumber.test.DemoQAFireFox -->
